[CC]   kernel/main.c
cc -ffreestanding -fno-exceptions -fno-stack-protector -nostdlib -nostdinc -mno-red-zone -mno-sse -mno-sse2 -mno-mmx -Wall -Wextra -Os -Ikernel/apps/doomgeneric/include -Ikernel/apps/doomgeneric/doomgeneric -Iinclude -Ikernel/net/lwip/src/include -Ikernel/net/lwip_port -c kernel/main.c -o build/kernel/main.o
[CC]   kernel/klog.c
cc -ffreestanding -fno-exceptions -fno-stack-protector -nostdlib -nostdinc -mno-red-zone -mno-sse -mno-sse2 -mno-mmx -Wall -Wextra -Os -Ikernel/apps/doomgeneric/include -Ikernel/apps/doomgeneric/doomgeneric -Iinclude -Ikernel/net/lwip/src/include -Ikernel/net/lwip_port -c kernel/klog.c -o build/kernel/klog.o
[CC]   kernel/string.c
cc -ffreestanding -fno-exceptions -fno-stack-protector -nostdlib -nostdinc -mno-red-zone -mno-sse -mno-sse2 -mno-mmx -Wall -Wextra -Os -Ikernel/apps/doomgeneric/include -Ikernel/apps/doomgeneric/doomgeneric -Iinclude -Ikernel/net/lwip/src/include -Ikernel/net/lwip_port -c kernel/string.c -o build/kernel/string.o
[CC]   kernel/stdio.c
cc -ffreestanding -fno-exceptions -fno-stack-protector -nostdlib -nostdinc -mno-red-zone -mno-sse -mno-sse2 -mno-mmx -Wall -Wextra -Os -Ikernel/apps/doomgeneric/include -Ikernel/apps/doomgeneric/doomgeneric -Iinclude -Ikernel/net/lwip/src/include -Ikernel/net/lwip_port -c kernel/stdio.c -o build/kernel/stdio.o
[CC]   kernel/futex.c
cc -ffreestanding -fno-exceptions -fno-stack-protector -nostdlib -nostdinc -mno-red-zone -mno-sse -mno-sse2 -mno-mmx -Wall -Wextra -Os -Ikernel/apps/doomgeneric/include -Ikernel/apps/doomgeneric/doomgeneric -Iinclude -Ikernel/net/lwip/src/include -Ikernel/net/lwip_port -c kernel/futex.c -o build/kernel/futex.o
[CC]   kernel/sem.c
cc -ffreestanding -fno-exceptions -fno-stack-protector -nostdlib -nostdinc -mno-red-zone -mno-sse -mno-sse2 -mno-mmx -Wall -Wextra -Os -Ikernel/apps/doomgeneric/include -Ikernel/apps/doomgeneric/doomgeneric -Iinclude -Ikernel/net/lwip/src/include -Ikernel/net/lwip_port -c kernel/sem.c -o build/kernel/sem.o
[CC]   kernel/shell/shell.c
cc -ffreestanding -fno-exceptions -fno-stack-protector -nostdlib -nostdinc -mno-red-zone -mno-sse -mno-sse2 -mno-mmx -Wall -Wextra -Os -Ikernel/apps/doomgeneric/include -Ikernel/apps/doomgeneric/doomgeneric -Iinclude -Ikernel/net/lwip/src/include -Ikernel/net/lwip_port -c kernel/shell/shell.c -o build/kernel/shell/shell.o
[CC]   kernel/shell/commands.c
cc -ffreestanding -fno-exceptions -fno-stack-protector -nostdlib -nostdinc -mno-red-zone -mno-sse -mno-sse2 -mno-mmx -Wall -Wextra -Os -Ikernel/apps/doomgeneric/include -Ikernel/apps/doomgeneric/doomgeneric -Iinclude -Ikernel/net/lwip/src/include -Ikernel/net/lwip_port -c kernel/shell/commands.c -o build/kernel/shell/commands.o
[CC]   kernel/shell/history.c
cc -ffreestanding -fno-exceptions -fno-stack-protector -nostdlib -nostdinc -mno-red-zone -mno-sse -mno-sse2 -mno-mmx -Wall -Wextra -Os -Ikernel/apps/doomgeneric/include -Ikernel/apps/doomgeneric/doomgeneric -Iinclude -Ikernel/net/lwip/src/include -Ikernel/net/lwip_port -c kernel/shell/history.c -o build/kernel/shell/history.o
[CC]   kernel/shell/cmd_system.c
cc -ffreestanding -fno-exceptions -fno-stack-protector -nostdlib -nostdinc -mno-red-zone -mno-sse -mno-sse2 -mno-mmx -Wall -Wextra -Os -Ikernel/apps/doomgeneric/include -Ikernel/apps/doomgeneric/doomgeneric -Iinclude -Ikernel/net/lwip/src/include -Ikernel/net/lwip_port -c kernel/shell/cmd_system.c -o build/kernel/shell/cmd_system.o
[CC]   kernel/shell/cmd_net.c
cc -ffreestanding -fno-exceptions -fno-stack-protector -nostdlib -nostdinc -mno-red-zone -mno-sse -mno-sse2 -mno-mmx -Wall -Wextra -Os -Ikernel/apps/doomgeneric/include -Ikernel/apps/doomgeneric/doomgeneric -Iinclude -Ikernel/net/lwip/src/include -Ikernel/net/lwip_port -c kernel/shell/cmd_net.c -o build/kernel/shell/cmd_net.o
[CC]   kernel/shell/cmd_task.c
cc -ffreestanding -fno-exceptions -fno-stack-protector -nostdlib -nostdinc -mno-red-zone -mno-sse -mno-sse2 -mno-mmx -Wall -Wextra -Os -Ikernel/apps/doomgeneric/include -Ikernel/apps/doomgeneric/doomgeneric -Iinclude -Ikernel/net/lwip/src/include -Ikernel/net/lwip_port -c kernel/shell/cmd_task.c -o build/kernel/shell/cmd_task.o
[CC]   kernel/shell/cmd_misc.c
cc -ffreestanding -fno-exceptions -fno-stack-protector -nostdlib -nostdinc -mno-red-zone -mno-sse -mno-sse2 -mno-mmx -Wall -Wextra -Os -Ikernel/apps/doomgeneric/include -Ikernel/apps/doomgeneric/doomgeneric -Iinclude -Ikernel/net/lwip/src/include -Ikernel/net/lwip_port -c kernel/shell/cmd_misc.c -o build/kernel/shell/cmd_misc.o
[CC]   kernel/shell/cmd_devices.c
cc -ffreestanding -fno-exceptions -fno-stack-protector -nostdlib -nostdinc -mno-red-zone -mno-sse -mno-sse2 -mno-mmx -Wall -Wextra -Os -Ikernel/apps/doomgeneric/include -Ikernel/apps/doomgeneric/doomgeneric -Iinclude -Ikernel/net/lwip/src/include -Ikernel/net/lwip_port -c kernel/shell/cmd_devices.c -o build/kernel/shell/cmd_devices.o
[CC]   kernel/shell/cmd_time.c
cc -ffreestanding -fno-exceptions -fno-stack-protector -nostdlib -nostdinc -mno-red-zone -mno-sse -mno-sse2 -mno-mmx -Wall -Wextra -Os -Ikernel/apps/doomgeneric/include -Ikernel/apps/doomgeneric/doomgeneric -Iinclude -Ikernel/net/lwip/src/include -Ikernel/net/lwip_port -c kernel/shell/cmd_time.c -o build/kernel/shell/cmd_time.o
[CC]   kernel/shell/cmd_ota.c
cc -ffreestanding -fno-exceptions -fno-stack-protector -nostdlib -nostdinc -mno-red-zone -mno-sse -mno-sse2 -mno-mmx -Wall -Wextra -Os -Ikernel/apps/doomgeneric/include -Ikernel/apps/doomgeneric/doomgeneric -Iinclude -Ikernel/net/lwip/src/include -Ikernel/net/lwip_port -c kernel/shell/cmd_ota.c -o build/kernel/shell/cmd_ota.o
[CC]   kernel/shell/cmd_user.c
cc -ffreestanding -fno-exceptions -fno-stack-protector -nostdlib -nostdinc -mno-red-zone -mno-sse -mno-sse2 -mno-mmx -Wall -Wextra -Os -Ikernel/apps/doomgeneric/include -Ikernel/apps/doomgeneric/doomgeneric -Iinclude -Ikernel/net/lwip/src/include -Ikernel/net/lwip_port -c kernel/shell/cmd_user.c -o build/kernel/shell/cmd_user.o
[CC]   kernel/shell/cmd_panel.c
cc -ffreestanding -fno-exceptions -fno-stack-protector -nostdlib -nostdinc -mno-red-zone -mno-sse -mno-sse2 -mno-mmx -Wall -Wextra -Os -Ikernel/apps/doomgeneric/include -Ikernel/apps/doomgeneric/doomgeneric -Iinclude -Ikernel/net/lwip/src/include -Ikernel/net/lwip_port -c kernel/shell/cmd_panel.c -o build/kernel/shell/cmd_panel.o
[CC]   kernel/drivers/video/vga.c
cc -ffreestanding -fno-exceptions -fno-stack-protector -nostdlib -nostdinc -mno-red-zone -mno-sse -mno-sse2 -mno-mmx -Wall -Wextra -Os -Ikernel/apps/doomgeneric/include -Ikernel/apps/doomgeneric/doomgeneric -Iinclude -Ikernel/net/lwip/src/include -Ikernel/net/lwip_port -c kernel/drivers/video/vga.c -o build/kernel/drivers/video/vga.o
[CC]   kernel/drivers/serial/serial.c
cc -ffreestanding -fno-exceptions -fno-stack-protector -nostdlib -nostdinc -mno-red-zone -mno-sse -mno-sse2 -mno-mmx -Wall -Wextra -Os -Ikernel/apps/doomgeneric/include -Ikernel/apps/doomgeneric/doomgeneric -Iinclude -Ikernel/net/lwip/src/include -Ikernel/net/lwip_port -c kernel/drivers/serial/serial.c -o build/kernel/drivers/serial/serial.o
[CC]   kernel/drivers/input/keyboard.c
cc -ffreestanding -fno-exceptions -fno-stack-protector -nostdlib -nostdinc -mno-red-zone -mno-sse -mno-sse2 -mno-mmx -Wall -Wextra -Os -Ikernel/apps/doomgeneric/include -Ikernel/apps/doomgeneric/doomgeneric -Iinclude -Ikernel/net/lwip/src/include -Ikernel/net/lwip_port -c kernel/drivers/input/keyboard.c -o build/kernel/drivers/input/keyboard.o
[CC]   kernel/drivers/input/input.c
cc -ffreestanding -fno-exceptions -fno-stack-protector -nostdlib -nostdinc -mno-red-zone -mno-sse -mno-sse2 -mno-mmx -Wall -Wextra -Os -Ikernel/apps/doomgeneric/include -Ikernel/apps/doomgeneric/doomgeneric -Iinclude -Ikernel/net/lwip/src/include -Ikernel/net/lwip_port -c kernel/drivers/input/input.c -o build/kernel/drivers/input/input.o
[CC]   kernel/drivers/tty.c
cc -ffreestanding -fno-exceptions -fno-stack-protector -nostdlib -nostdinc -mno-red-zone -mno-sse -mno-sse2 -mno-mmx -Wall -Wextra -Os -Ikernel/apps/doomgeneric/include -Ikernel/apps/doomgeneric/doomgeneric -Iinclude -Ikernel/net/lwip/src/include -Ikernel/net/lwip_port -c kernel/drivers/tty.c -o build/kernel/drivers/tty.o
[CC]   kernel/arch/x86_64/hal_impl.c
cc -ffreestanding -fno-exceptions -fno-stack-protector -nostdlib -nostdinc -mno-red-zone -mno-sse -mno-sse2 -mno-mmx -Wall -Wextra -Os -Ikernel/apps/doomgeneric/include -Ikernel/apps/doomgeneric/doomgeneric -Iinclude -Ikernel/net/lwip/src/include -Ikernel/net/lwip_port -c kernel/arch/x86_64/hal_impl.c -o build/kernel/arch/x86_64/hal_impl.o
[CC]   kernel/arch/x86_64/idt.c
cc -ffreestanding -fno-exceptions -fno-stack-protector -nostdlib -nostdinc -mno-red-zone -mno-sse -mno-sse2 -mno-mmx -Wall -Wextra -Os -Ikernel/apps/doomgeneric/include -Ikernel/apps/doomgeneric/doomgeneric -Iinclude -Ikernel/net/lwip/src/include -Ikernel/net/lwip_port -c kernel/arch/x86_64/idt.c -o build/kernel/arch/x86_64/idt.o
[CC]   kernel/arch/x86_64/pic.c
cc -ffreestanding -fno-exceptions -fno-stack-protector -nostdlib -nostdinc -mno-red-zone -mno-sse -mno-sse2 -mno-mmx -Wall -Wextra -Os -Ikernel/apps/doomgeneric/include -Ikernel/apps/doomgeneric/doomgeneric -Iinclude -Ikernel/net/lwip/src/include -Ikernel/net/lwip_port -c kernel/arch/x86_64/pic.c -o build/kernel/arch/x86_64/pic.o
[CC]   kernel/drivers/timer/pit.c
cc -ffreestanding -fno-exceptions -fno-stack-protector -nostdlib -nostdinc -mno-red-zone -mno-sse -mno-sse2 -mno-mmx -Wall -Wextra -Os -Ikernel/apps/doomgeneric/include -Ikernel/apps/doomgeneric/doomgeneric -Iinclude -Ikernel/net/lwip/src/include -Ikernel/net/lwip_port -c kernel/drivers/timer/pit.c -o build/kernel/drivers/timer/pit.o
[CC]   kernel/drivers/rtc/rtc.c
cc -ffreestanding -fno-exceptions -fno-stack-protector -nostdlib -nostdinc -mno-red-zone -mno-sse -mno-sse2 -mno-mmx -Wall -Wextra -Os -Ikernel/apps/doomgeneric/include -Ikernel/apps/doomgeneric/doomgeneric -Iinclude -Ikernel/net/lwip/src/include -Ikernel/net/lwip_port -c kernel/drivers/rtc/rtc.c -o build/kernel/drivers/rtc/rtc.o
[CC]   kernel/arch/x86_64/boot/nvram.c
cc -ffreestanding -fno-exceptions -fno-stack-protector -nostdlib -nostdinc -mno-red-zone -mno-sse -mno-sse2 -mno-mmx -Wall -Wextra -Os -Ikernel/apps/doomgeneric/include -Ikernel/apps/doomgeneric/doomgeneric -Iinclude -Ikernel/net/lwip/src/include -Ikernel/net/lwip_port -c kernel/arch/x86_64/boot/nvram.c -o build/kernel/arch/x86_64/boot/nvram.o
[CC]   kernel/mm/heap.c
cc -ffreestanding -fno-exceptions -fno-stack-protector -nostdlib -nostdinc -mno-red-zone -mno-sse -mno-sse2 -mno-mmx -Wall -Wextra -Os -Ikernel/apps/doomgeneric/include -Ikernel/apps/doomgeneric/doomgeneric -Iinclude -Ikernel/net/lwip/src/include -Ikernel/net/lwip_port -c kernel/mm/heap.c -o build/kernel/mm/heap.o
[CC]   kernel/apps/santitravel.c
cc -ffreestanding -fno-exceptions -fno-stack-protector -nostdlib -nostdinc -mno-red-zone -mno-sse -mno-sse2 -mno-mmx -Wall -Wextra -Os -Ikernel/apps/doomgeneric/include -Ikernel/apps/doomgeneric/doomgeneric -Iinclude -Ikernel/net/lwip/src/include -Ikernel/net/lwip_port -c kernel/apps/santitravel.c -o build/kernel/apps/santitravel.o
[CC]   kernel/apps/sysmon.c
cc -ffreestanding -fno-exceptions -fno-stack-protector -nostdlib -nostdinc -mno-red-zone -mno-sse -mno-sse2 -mno-mmx -Wall -Wextra -Os -Ikernel/apps/doomgeneric/include -Ikernel/apps/doomgeneric/doomgeneric -Iinclude -Ikernel/net/lwip/src/include -Ikernel/net/lwip_port -c kernel/apps/sysmon.c -o build/kernel/apps/sysmon.o
[CC]   kernel/apps/gui_demo.c
cc -ffreestanding -fno-exceptions -fno-stack-protector -nostdlib -nostdinc -mno-red-zone -mno-sse -mno-sse2 -mno-mmx -Wall -Wextra -Os -Ikernel/apps/doomgeneric/include -Ikernel/apps/doomgeneric/doomgeneric -Iinclude -Ikernel/net/lwip/src/include -Ikernel/net/lwip_port -c kernel/apps/gui_demo.c -o build/kernel/apps/gui_demo.o
[CC]   kernel/apps/user_loader.c
cc -ffreestanding -fno-exceptions -fno-stack-protector -nostdlib -nostdinc -mno-red-zone -mno-sse -mno-sse2 -mno-mmx -Wall -Wextra -Os -Ikernel/apps/doomgeneric/include -Ikernel/apps/doomgeneric/doomgeneric -Iinclude -Ikernel/net/lwip/src/include -Ikernel/net/lwip_port -c kernel/apps/user_loader.c -o build/kernel/apps/user_loader.o
[CC]   kernel/drivers/pci/pci.c
cc -ffreestanding -fno-exceptions -fno-stack-protector -nostdlib -nostdinc -mno-red-zone -mno-sse -mno-sse2 -mno-mmx -Wall -Wextra -Os -Ikernel/apps/doomgeneric/include -Ikernel/apps/doomgeneric/doomgeneric -Iinclude -Ikernel/net/lwip/src/include -Ikernel/net/lwip_port -c kernel/drivers/pci/pci.c -o build/kernel/drivers/pci/pci.o
[CC]   kernel/fs/initrd.c
cc -ffreestanding -fno-exceptions -fno-stack-protector -nostdlib -nostdinc -mno-red-zone -mno-sse -mno-sse2 -mno-mmx -Wall -Wextra -Os -Ikernel/apps/doomgeneric/include -Ikernel/apps/doomgeneric/doomgeneric -Iinclude -Ikernel/net/lwip/src/include -Ikernel/net/lwip_port -c kernel/fs/initrd.c -o build/kernel/fs/initrd.o
[CC]   kernel/fs/vfs.c
cc -ffreestanding -fno-exceptions -fno-stack-protector -nostdlib -nostdinc -mno-red-zone -mno-sse -mno-sse2 -mno-mmx -Wall -Wextra -Os -Ikernel/apps/doomgeneric/include -Ikernel/apps/doomgeneric/doomgeneric -Iinclude -Ikernel/net/lwip/src/include -Ikernel/net/lwip_port -c kernel/fs/vfs.c -o build/kernel/fs/vfs.o
[CC]   kernel/fs/bcache.c
cc -ffreestanding -fno-exceptions -fno-stack-protector -nostdlib -nostdinc -mno-red-zone -mno-sse -mno-sse2 -mno-mmx -Wall -Wextra -Os -Ikernel/apps/doomgeneric/include -Ikernel/apps/doomgeneric/doomgeneric -Iinclude -Ikernel/net/lwip/src/include -Ikernel/net/lwip_port -c kernel/fs/bcache.c -o build/kernel/fs/bcache.o
[CC]   kernel/fs/devfs.c
cc -ffreestanding -fno-exceptions -fno-stack-protector -nostdlib -nostdinc -mno-red-zone -mno-sse -mno-sse2 -mno-mmx -Wall -Wextra -Os -Ikernel/apps/doomgeneric/include -Ikernel/apps/doomgeneric/doomgeneric -Iinclude -Ikernel/net/lwip/src/include -Ikernel/net/lwip_port -c kernel/fs/devfs.c -o build/kernel/fs/devfs.o
[CC]   kernel/fs/shmfs.c
cc -ffreestanding -fno-exceptions -fno-stack-protector -nostdlib -nostdinc -mno-red-zone -mno-sse -mno-sse2 -mno-mmx -Wall -Wextra -Os -Ikernel/apps/doomgeneric/include -Ikernel/apps/doomgeneric/doomgeneric -Iinclude -Ikernel/net/lwip/src/include -Ikernel/net/lwip_port -c kernel/fs/shmfs.c -o build/kernel/fs/shmfs.o
[CC]   kernel/fs/procfs.c
cc -ffreestanding -fno-exceptions -fno-stack-protector -nostdlib -nostdinc -mno-red-zone -mno-sse -mno-sse2 -mno-mmx -Wall -Wextra -Os -Ikernel/apps/doomgeneric/include -Ikernel/apps/doomgeneric/doomgeneric -Iinclude -Ikernel/net/lwip/src/include -Ikernel/net/lwip_port -c kernel/fs/procfs.c -o build/kernel/fs/procfs.o
[CC]   kernel/fs/jfs.c
cc -ffreestanding -fno-exceptions -fno-stack-protector -nostdlib -nostdinc -mno-red-zone -mno-sse -mno-sse2 -mno-mmx -Wall -Wextra -Os -Ikernel/apps/doomgeneric/include -Ikernel/apps/doomgeneric/doomgeneric -Iinclude -Ikernel/net/lwip/src/include -Ikernel/net/lwip_port -c kernel/fs/jfs.c -o build/kernel/fs/jfs.o
[CC]   kernel/crypto/sha256.c
cc -ffreestanding -fno-exceptions -fno-stack-protector -nostdlib -nostdinc -mno-red-zone -mno-sse -mno-sse2 -mno-mmx -Wall -Wextra -Os -Ikernel/apps/doomgeneric/include -Ikernel/apps/doomgeneric/doomgeneric -Iinclude -Ikernel/net/lwip/src/include -Ikernel/net/lwip_port -c kernel/crypto/sha256.c -o build/kernel/crypto/sha256.o
[CC]   kernel/crypto/sha512.c
cc -ffreestanding -fno-exceptions -fno-stack-protector -nostdlib -nostdinc -mno-red-zone -mno-sse -mno-sse2 -mno-mmx -Wall -Wextra -Os -Ikernel/apps/doomgeneric/include -Ikernel/apps/doomgeneric/doomgeneric -Iinclude -Ikernel/net/lwip/src/include -Ikernel/net/lwip_port -c kernel/crypto/sha512.c -o build/kernel/crypto/sha512.o
[CC]   kernel/crypto/ed25519.c
cc -ffreestanding -fno-exceptions -fno-stack-protector -nostdlib -nostdinc -mno-red-zone -mno-sse -mno-sse2 -mno-mmx -Wall -Wextra -Os -Ikernel/apps/doomgeneric/include -Ikernel/apps/doomgeneric/doomgeneric -Iinclude -Ikernel/net/lwip/src/include -Ikernel/net/lwip_port -c kernel/crypto/ed25519.c -o build/kernel/crypto/ed25519.o
[CC]   kernel/crypto/tweetnacl.c
cc -ffreestanding -fno-exceptions -fno-stack-protector -nostdlib -nostdinc -mno-red-zone -mno-sse -mno-sse2 -mno-mmx -Wall -Wextra -Os -Ikernel/apps/doomgeneric/include -Ikernel/apps/doomgeneric/doomgeneric -Iinclude -Ikernel/net/lwip/src/include -Ikernel/net/lwip_port -c kernel/crypto/tweetnacl.c -o build/kernel/crypto/tweetnacl.o
[CC]   kernel/task.c
cc -ffreestanding -fno-exceptions -fno-stack-protector -nostdlib -nostdinc -mno-red-zone -mno-sse -mno-sse2 -mno-mmx -Wall -Wextra -Os -Ikernel/apps/doomgeneric/include -Ikernel/apps/doomgeneric/doomgeneric -Iinclude -Ikernel/net/lwip/src/include -Ikernel/net/lwip_port -c kernel/task.c -o build/kernel/task.o
[CC]   kernel/drivers/video/framebuffer.c
cc -ffreestanding -fno-exceptions -fno-stack-protector -nostdlib -nostdinc -mno-red-zone -mno-sse -mno-sse2 -mno-mmx -Wall -Wextra -Os -Ikernel/apps/doomgeneric/include -Ikernel/apps/doomgeneric/doomgeneric -Iinclude -Ikernel/net/lwip/src/include -Ikernel/net/lwip_port -c kernel/drivers/video/framebuffer.c -o build/kernel/drivers/video/framebuffer.o
[CC]   kernel/drivers/video/font.c
cc -ffreestanding -fno-exceptions -fno-stack-protector -nostdlib -nostdinc -mno-red-zone -mno-sse -mno-sse2 -mno-mmx -Wall -Wextra -Os -Ikernel/apps/doomgeneric/include -Ikernel/apps/doomgeneric/doomgeneric -Iinclude -Ikernel/net/lwip/src/include -Ikernel/net/lwip_port -c kernel/drivers/video/font.c -o build/kernel/drivers/video/font.o
[CC]   kernel/gfx/gfx.c
cc -ffreestanding -fno-exceptions -fno-stack-protector -nostdlib -nostdinc -mno-red-zone -mno-sse -mno-sse2 -mno-mmx -Wall -Wextra -Os -Ikernel/apps/doomgeneric/include -Ikernel/apps/doomgeneric/doomgeneric -Iinclude -Ikernel/net/lwip/src/include -Ikernel/net/lwip_port -c kernel/gfx/gfx.c -o build/kernel/gfx/gfx.o
[CC]   kernel/gfx/drm.c
cc -ffreestanding -fno-exceptions -fno-stack-protector -nostdlib -nostdinc -mno-red-zone -mno-sse -mno-sse2 -mno-mmx -Wall -Wextra -Os -Ikernel/apps/doomgeneric/include -Ikernel/apps/doomgeneric/doomgeneric -Iinclude -Ikernel/net/lwip/src/include -Ikernel/net/lwip_port -c kernel/gfx/drm.c -o build/kernel/gfx/drm.o
[CC]   kernel/gfx/window.c
cc -ffreestanding -fno-exceptions -fno-stack-protector -nostdlib -nostdinc -mno-red-zone -mno-sse -mno-sse2 -mno-mmx -Wall -Wextra -Os -Ikernel/apps/doomgeneric/include -Ikernel/apps/doomgeneric/doomgeneric -Iinclude -Ikernel/net/lwip/src/include -Ikernel/net/lwip_port -c kernel/gfx/window.c -o build/kernel/gfx/window.o
[CC]   kernel/gfx/png.c
cc -ffreestanding -fno-exceptions -fno-stack-protector -nostdlib -nostdinc -mno-red-zone -mno-sse -mno-sse2 -mno-mmx -Wall -Wextra -Os -Ikernel/apps/doomgeneric/include -Ikernel/apps/doomgeneric/doomgeneric -Iinclude -Ikernel/net/lwip/src/include -Ikernel/net/lwip_port -c kernel/gfx/png.c -o build/kernel/gfx/png.o
[CC]   kernel/mm/pmm.c
cc -ffreestanding -fno-exceptions -fno-stack-protector -nostdlib -nostdinc -mno-red-zone -mno-sse -mno-sse2 -mno-mmx -Wall -Wextra -Os -Ikernel/apps/doomgeneric/include -Ikernel/apps/doomgeneric/doomgeneric -Iinclude -Ikernel/net/lwip/src/include -Ikernel/net/lwip_port -c kernel/mm/pmm.c -o build/kernel/mm/pmm.o
[CC]   kernel/mm/vmm.c
cc -ffreestanding -fno-exceptions -fno-stack-protector -nostdlib -nostdinc -mno-red-zone -mno-sse -mno-sse2 -mno-mmx -Wall -Wextra -Os -Ikernel/apps/doomgeneric/include -Ikernel/apps/doomgeneric/doomgeneric -Iinclude -Ikernel/net/lwip/src/include -Ikernel/net/lwip_port -c kernel/mm/vmm.c -o build/kernel/mm/vmm.o
[CC]   kernel/drivers/input/mouse.c
cc -ffreestanding -fno-exceptions -fno-stack-protector -nostdlib -nostdinc -mno-red-zone -mno-sse -mno-sse2 -mno-mmx -Wall -Wextra -Os -Ikernel/apps/doomgeneric/include -Ikernel/apps/doomgeneric/doomgeneric -Iinclude -Ikernel/net/lwip/src/include -Ikernel/net/lwip_port -c kernel/drivers/input/mouse.c -o build/kernel/drivers/input/mouse.o
[CC]   kernel/arch/x86_64/gdt.c
cc -ffreestanding -fno-exceptions -fno-stack-protector -nostdlib -nostdinc -mno-red-zone -mno-sse -mno-sse2 -mno-mmx -Wall -Wextra -Os -Ikernel/apps/doomgeneric/include -Ikernel/apps/doomgeneric/doomgeneric -Iinclude -Ikernel/net/lwip/src/include -Ikernel/net/lwip_port -c kernel/arch/x86_64/gdt.c -o build/kernel/arch/x86_64/gdt.o
[CC]   kernel/arch/x86_64/acpi.c
cc -ffreestanding -fno-exceptions -fno-stack-protector -nostdlib -nostdinc -mno-red-zone -mno-sse -mno-sse2 -mno-mmx -Wall -Wextra -Os -Ikernel/apps/doomgeneric/include -Ikernel/apps/doomgeneric/doomgeneric -Iinclude -Ikernel/net/lwip/src/include -Ikernel/net/lwip_port -c kernel/arch/x86_64/acpi.c -o build/kernel/arch/x86_64/acpi.o
[CC]   kernel/arch/x86_64/smp.c
cc -ffreestanding -fno-exceptions -fno-stack-protector -nostdlib -nostdinc -mno-red-zone -mno-sse -mno-sse2 -mno-mmx -Wall -Wextra -Os -Ikernel/apps/doomgeneric/include -Ikernel/apps/doomgeneric/doomgeneric -Iinclude -Ikernel/net/lwip/src/include -Ikernel/net/lwip_port -c kernel/arch/x86_64/smp.c -o build/kernel/arch/x86_64/smp.o
[CC]   kernel/arch/x86_64/pat.c
cc -ffreestanding -fno-exceptions -fno-stack-protector -nostdlib -nostdinc -mno-red-zone -mno-sse -mno-sse2 -mno-mmx -Wall -Wextra -Os -Ikernel/apps/doomgeneric/include -Ikernel/apps/doomgeneric/doomgeneric -Iinclude -Ikernel/net/lwip/src/include -Ikernel/net/lwip_port -c kernel/arch/x86_64/pat.c -o build/kernel/arch/x86_64/pat.o
[CC]   kernel/arch/x86_64/apic.c
cc -ffreestanding -fno-exceptions -fno-stack-protector -nostdlib -nostdinc -mno-red-zone -mno-sse -mno-sse2 -mno-mmx -Wall -Wextra -Os -Ikernel/apps/doomgeneric/include -Ikernel/apps/doomgeneric/doomgeneric -Iinclude -Ikernel/net/lwip/src/include -Ikernel/net/lwip_port -c kernel/arch/x86_64/apic.c -o build/kernel/arch/x86_64/apic.o
[CC]   kernel/arch/x86_64/syscall.c
cc -ffreestanding -fno-exceptions -fno-stack-protector -nostdlib -nostdinc -mno-red-zone -mno-sse -mno-sse2 -mno-mmx -Wall -Wextra -Os -Ikernel/apps/doomgeneric/include -Ikernel/apps/doomgeneric/doomgeneric -Iinclude -Ikernel/net/lwip/src/include -Ikernel/net/lwip_port -c kernel/arch/x86_64/syscall.c -o build/kernel/arch/x86_64/syscall.o
[CC]   kernel/drivers/disk/partition.c
cc -ffreestanding -fno-exceptions -fno-stack-protector -nostdlib -nostdinc -mno-red-zone -mno-sse -mno-sse2 -mno-mmx -Wall -Wextra -Os -Ikernel/apps/doomgeneric/include -Ikernel/apps/doomgeneric/doomgeneric -Iinclude -Ikernel/net/lwip/src/include -Ikernel/net/lwip_port -c kernel/drivers/disk/partition.c -o build/kernel/drivers/disk/partition.o
[CC]   kernel/drivers/disk/ata.c
cc -ffreestanding -fno-exceptions -fno-stack-protector -nostdlib -nostdinc -mno-red-zone -mno-sse -mno-sse2 -mno-mmx -Wall -Wextra -Os -Ikernel/apps/doomgeneric/include -Ikernel/apps/doomgeneric/doomgeneric -Iinclude -Ikernel/net/lwip/src/include -Ikernel/net/lwip_port -c kernel/drivers/disk/ata.c -o build/kernel/drivers/disk/ata.o
[CC]   kernel/fs/elf.c
cc -ffreestanding -fno-exceptions -fno-stack-protector -nostdlib -nostdinc -mno-red-zone -mno-sse -mno-sse2 -mno-mmx -Wall -Wextra -Os -Ikernel/apps/doomgeneric/include -Ikernel/apps/doomgeneric/doomgeneric -Iinclude -Ikernel/net/lwip/src/include -Ikernel/net/lwip_port -c kernel/fs/elf.c -o build/kernel/fs/elf.o
[CC]   kernel/drivers/net/e1000.c
cc -ffreestanding -fno-exceptions -fno-stack-protector -nostdlib -nostdinc -mno-red-zone -mno-sse -mno-sse2 -mno-mmx -Wall -Wextra -Os -Ikernel/apps/doomgeneric/include -Ikernel/apps/doomgeneric/doomgeneric -Iinclude -Ikernel/net/lwip/src/include -Ikernel/net/lwip_port -c kernel/drivers/net/e1000.c -o build/kernel/drivers/net/e1000.o
[CC]   kernel/apps/wget.c
cc -ffreestanding -fno-exceptions -fno-stack-protector -nostdlib -nostdinc -mno-red-zone -mno-sse -mno-sse2 -mno-mmx -Wall -Wextra -Os -Ikernel/apps/doomgeneric/include -Ikernel/apps/doomgeneric/doomgeneric -Iinclude -Ikernel/net/lwip/src/include -Ikernel/net/lwip_port -c kernel/apps/wget.c -o build/kernel/apps/wget.o
[CC]   kernel/net/socket.c
cc -ffreestanding -fno-exceptions -fno-stack-protector -nostdlib -nostdinc -mno-red-zone -mno-sse -mno-sse2 -mno-mmx -Wall -Wextra -Os -Ikernel/apps/doomgeneric/include -Ikernel/apps/doomgeneric/doomgeneric -Iinclude -Ikernel/net/lwip/src/include -Ikernel/net/lwip_port -c kernel/net/socket.c -o build/kernel/net/socket.o
[CC]   kernel/net/compat.c
cc -ffreestanding -fno-exceptions -fno-stack-protector -nostdlib -nostdinc -mno-red-zone -mno-sse -mno-sse2 -mno-mmx -Wall -Wextra -Os -Ikernel/apps/doomgeneric/include -Ikernel/apps/doomgeneric/doomgeneric -Iinclude -Ikernel/net/lwip/src/include -Ikernel/net/lwip_port -c kernel/net/compat.c -o build/kernel/net/compat.o
[ASM]  kernel/arch/x86_64/context_switch.asm
nasm -f elf64 kernel/arch/x86_64/context_switch.asm -o build/kernel/arch/x86_64/context_switch.o
make: nasm: No such file or directory
make: *** [Makefile:325: build/kernel/arch/x86_64/context_switch.o] Error 127
